[2018-12-15 19:49:04] local.ERROR: Target [Illuminate\Database\Eloquent\Model] is not instantiable while building [App\Http\Controllers\Movie\MovieController, Movie\Repositories\MovieRepository]. {"exception":"[object] (Illuminate\\Contracts\\Container\\BindingResolutionException(code: 0): Target [Illuminate\\Database\\Eloquent\\Model] is not instantiable while building [App\\Http\\Controllers\\Movie\\MovieController, Movie\\Repositories\\MovieRepository]. at /home/charles/eclipse-workspace/Laravel/movie_lens_laravel/vendor/laravel/framework/src/Illuminate/Container/Container.php:945)
[stacktrace]
#0 /home/charles/eclipse-workspace/Laravel/movie_lens_laravel/vendor/laravel/framework/src/Illuminate/Container/Container.php(785): Illuminate\\Container\\Container->notInstantiable('Illuminate\\\\Data...')
#1 /home/charles/eclipse-workspace/Laravel/movie_lens_laravel/vendor/laravel/framework/src/Illuminate/Container/Container.php(658): Illuminate\\Container\\Container->build('Illuminate\\\\Data...')
#2 /home/charles/eclipse-workspace/Laravel/movie_lens_laravel/vendor/laravel/framework/src/Illuminate/Container/Container.php(609): Illuminate\\Container\\Container->resolve('Illuminate\\\\Data...', Array)
#3 /home/charles/eclipse-workspace/Laravel/movie_lens_laravel/vendor/laravel/framework/src/Illuminate/Foundation/Application.php(735): Illuminate\\Container\\Container->make('Illuminate\\\\Data...', Array)
#4 /home/charles/eclipse-workspace/Laravel/movie_lens_laravel/vendor/laravel/framework/src/Illuminate/Container/Container.php(912): Illuminate\\Foundation\\Application->make('Illuminate\\\\Data...')
#5 /home/charles/eclipse-workspace/Laravel/movie_lens_laravel/vendor/laravel/framework/src/Illuminate/Container/Container.php(840): Illuminate\\Container\\Container->resolveClass(Object(ReflectionParameter))
#6 /home/charles/eclipse-workspace/Laravel/movie_lens_laravel/vendor/laravel/framework/src/Illuminate/Container/Container.php(807): Illuminate\\Container\\Container->resolveDependencies(Array)
#7 /home/charles/eclipse-workspace/Laravel/movie_lens_laravel/vendor/laravel/framework/src/Illuminate/Container/Container.php(658): Illuminate\\Container\\Container->build('Movie\\\\Repositor...')
#8 /home/charles/eclipse-workspace/Laravel/movie_lens_laravel/vendor/laravel/framework/src/Illuminate/Container/Container.php(609): Illuminate\\Container\\Container->resolve('Movie\\\\Repositor...', Array)
#9 /home/charles/eclipse-workspace/Laravel/movie_lens_laravel/vendor/laravel/framework/src/Illuminate/Foundation/Application.php(735): Illuminate\\Container\\Container->make('Movie\\\\Repositor...', Array)
#10 /home/charles/eclipse-workspace/Laravel/movie_lens_laravel/app/Movie/Providers/MovieServiceProvider.php(34): Illuminate\\Foundation\\Application->make('Movie\\\\Repositor...')
#11 /home/charles/eclipse-workspace/Laravel/movie_lens_laravel/vendor/laravel/framework/src/Illuminate/Container/Container.php(776): Movie\\Providers\\MovieServiceProvider->Movie\\Providers\\{closure}(Object(Illuminate\\Foundation\\Application), Array)
#12 /home/charles/eclipse-workspace/Laravel/movie_lens_laravel/vendor/laravel/framework/src/Illuminate/Container/Container.php(658): Illuminate\\Container\\Container->build(Object(Closure))
#13 /home/charles/eclipse-workspace/Laravel/movie_lens_laravel/vendor/laravel/framework/src/Illuminate/Container/Container.php(609): Illuminate\\Container\\Container->resolve('Movie\\\\Services\\\\...', Array)
#14 /home/charles/eclipse-workspace/Laravel/movie_lens_laravel/vendor/laravel/framework/src/Illuminate/Foundation/Application.php(735): Illuminate\\Container\\Container->make('Movie\\\\Services\\\\...', Array)
#15 /home/charles/eclipse-workspace/Laravel/movie_lens_laravel/vendor/laravel/framework/src/Illuminate/Container/Container.php(912): Illuminate\\Foundation\\Application->make('Movie\\\\Services\\\\...')
#16 /home/charles/eclipse-workspace/Laravel/movie_lens_laravel/vendor/laravel/framework/src/Illuminate/Container/Container.php(840): Illuminate\\Container\\Container->resolveClass(Object(ReflectionParameter))
#17 /home/charles/eclipse-workspace/Laravel/movie_lens_laravel/vendor/laravel/framework/src/Illuminate/Container/Container.php(807): Illuminate\\Container\\Container->resolveDependencies(Array)
#18 /home/charles/eclipse-workspace/Laravel/movie_lens_laravel/vendor/laravel/framework/src/Illuminate/Container/Container.php(658): Illuminate\\Container\\Container->build('App\\\\Http\\\\Contro...')
#19 /home/charles/eclipse-workspace/Laravel/movie_lens_laravel/vendor/laravel/framework/src/Illuminate/Container/Container.php(609): Illuminate\\Container\\Container->resolve('App\\\\Http\\\\Contro...', Array)
#20 /home/charles/eclipse-workspace/Laravel/movie_lens_laravel/vendor/laravel/framework/src/Illuminate/Foundation/Application.php(735): Illuminate\\Container\\Container->make('App\\\\Http\\\\Contro...', Array)
#21 /home/charles/eclipse-workspace/Laravel/movie_lens_laravel/vendor/laravel/framework/src/Illuminate/Routing/Route.php(226): Illuminate\\Foundation\\Application->make('App\\\\Http\\\\Contro...')
#22 /home/charles/eclipse-workspace/Laravel/movie_lens_laravel/vendor/laravel/framework/src/Illuminate/Routing/Route.php(796): Illuminate\\Routing\\Route->getController()
#23 /home/charles/eclipse-workspace/Laravel/movie_lens_laravel/vendor/laravel/framework/src/Illuminate/Routing/Route.php(757): Illuminate\\Routing\\Route->controllerMiddleware()
#24 /home/charles/eclipse-workspace/Laravel/movie_lens_laravel/vendor/laravel/framework/src/Illuminate/Routing/Router.php(695): Illuminate\\Routing\\Route->gatherMiddleware()
#25 /home/charles/eclipse-workspace/Laravel/movie_lens_laravel/vendor/laravel/framework/src/Illuminate/Routing/Router.php(675): Illuminate\\Routing\\Router->gatherRouteMiddleware(Object(Illuminate\\Routing\\Route))
#26 /home/charles/eclipse-workspace/Laravel/movie_lens_laravel/vendor/laravel/framework/src/Illuminate/Routing/Router.php(659): Illuminate\\Routing\\Router->runRouteWithinStack(Object(Illuminate\\Routing\\Route), Object(Illuminate\\Http\\Request))
#27 /home/charles/eclipse-workspace/Laravel/movie_lens_laravel/vendor/laravel/framework/src/Illuminate/Routing/Router.php(625): Illuminate\\Routing\\Router->runRoute(Object(Illuminate\\Http\\Request), Object(Illuminate\\Routing\\Route))
#28 /home/charles/eclipse-workspace/Laravel/movie_lens_laravel/vendor/laravel/framework/src/Illuminate/Routing/Router.php(614): Illuminate\\Routing\\Router->dispatchToRoute(Object(Illuminate\\Http\\Request))
#29 /home/charles/eclipse-workspace/Laravel/movie_lens_laravel/vendor/laravel/framework/src/Illuminate/Foundation/Http/Kernel.php(176): Illuminate\\Routing\\Router->dispatch(Object(Illuminate\\Http\\Request))
#30 /home/charles/eclipse-workspace/Laravel/movie_lens_laravel/vendor/laravel/framework/src/Illuminate/Routing/Pipeline.php(30): Illuminate\\Foundation\\Http\\Kernel->Illuminate\\Foundation\\Http\\{closure}(Object(Illuminate\\Http\\Request))
#31 /home/charles/eclipse-workspace/Laravel/movie_lens_laravel/vendor/fideloper/proxy/src/TrustProxies.php(57): Illuminate\\Routing\\Pipeline->Illuminate\\Routing\\{closure}(Object(Illuminate\\Http\\Request))
#32 /home/charles/eclipse-workspace/Laravel/movie_lens_laravel/vendor/laravel/framework/src/Illuminate/Pipeline/Pipeline.php(151): Fideloper\\Proxy\\TrustProxies->handle(Object(Illuminate\\Http\\Request), Object(Closure))
#33 /home/charles/eclipse-workspace/Laravel/movie_lens_laravel/vendor/laravel/framework/src/Illuminate/Routing/Pipeline.php(53): Illuminate\\Pipeline\\Pipeline->Illuminate\\Pipeline\\{closure}(Object(Illuminate\\Http\\Request))
#34 /home/charles/eclipse-workspace/Laravel/movie_lens_laravel/vendor/laravel/framework/src/Illuminate/Foundation/Http/Middleware/TransformsRequest.php(31): Illuminate\\Routing\\Pipeline->Illuminate\\Routing\\{closure}(Object(Illuminate\\Http\\Request))
#35 /home/charles/eclipse-workspace/Laravel/movie_lens_laravel/vendor/laravel/framework/src/Illuminate/Pipeline/Pipeline.php(151): Illuminate\\Foundation\\Http\\Middleware\\TransformsRequest->handle(Object(Illuminate\\Http\\Request), Object(Closure))
#36 /home/charles/eclipse-workspace/Laravel/movie_lens_laravel/vendor/laravel/framework/src/Illuminate/Routing/Pipeline.php(53): Illuminate\\Pipeline\\Pipeline->Illuminate\\Pipeline\\{closure}(Object(Illuminate\\Http\\Request))
#37 /home/charles/eclipse-workspace/Laravel/movie_lens_laravel/vendor/laravel/framework/src/Illuminate/Foundation/Http/Middleware/TransformsRequest.php(31): Illuminate\\Routing\\Pipeline->Illuminate\\Routing\\{closure}(Object(Illuminate\\Http\\Request))
#38 /home/charles/eclipse-workspace/Laravel/movie_lens_laravel/vendor/laravel/framework/src/Illuminate/Pipeline/Pipeline.php(151): Illuminate\\Foundation\\Http\\Middleware\\TransformsRequest->handle(Object(Illuminate\\Http\\Request), Object(Closure))
#39 /home/charles/eclipse-workspace/Laravel/movie_lens_laravel/vendor/laravel/framework/src/Illuminate/Routing/Pipeline.php(53): Illuminate\\Pipeline\\Pipeline->Illuminate\\Pipeline\\{closure}(Object(Illuminate\\Http\\Request))
#40 /home/charles/eclipse-workspace/Laravel/movie_lens_laravel/vendor/laravel/framework/src/Illuminate/Foundation/Http/Middleware/ValidatePostSize.php(27): Illuminate\\Routing\\Pipeline->Illuminate\\Routing\\{closure}(Object(Illuminate\\Http\\Request))
#41 /home/charles/eclipse-workspace/Laravel/movie_lens_laravel/vendor/laravel/framework/src/Illuminate/Pipeline/Pipeline.php(151): Illuminate\\Foundation\\Http\\Middleware\\ValidatePostSize->handle(Object(Illuminate\\Http\\Request), Object(Closure))
#42 /home/charles/eclipse-workspace/Laravel/movie_lens_laravel/vendor/laravel/framework/src/Illuminate/Routing/Pipeline.php(53): Illuminate\\Pipeline\\Pipeline->Illuminate\\Pipeline\\{closure}(Object(Illuminate\\Http\\Request))
#43 /home/charles/eclipse-workspace/Laravel/movie_lens_laravel/vendor/laravel/framework/src/Illuminate/Foundation/Http/Middleware/CheckForMaintenanceMode.php(62): Illuminate\\Routing\\Pipeline->Illuminate\\Routing\\{closure}(Object(Illuminate\\Http\\Request))
#44 /home/charles/eclipse-workspace/Laravel/movie_lens_laravel/vendor/laravel/framework/src/Illuminate/Pipeline/Pipeline.php(151): Illuminate\\Foundation\\Http\\Middleware\\CheckForMaintenanceMode->handle(Object(Illuminate\\Http\\Request), Object(Closure))
#45 /home/charles/eclipse-workspace/Laravel/movie_lens_laravel/vendor/laravel/framework/src/Illuminate/Routing/Pipeline.php(53): Illuminate\\Pipeline\\Pipeline->Illuminate\\Pipeline\\{closure}(Object(Illuminate\\Http\\Request))
#46 /home/charles/eclipse-workspace/Laravel/movie_lens_laravel/vendor/laravel/framework/src/Illuminate/Pipeline/Pipeline.php(104): Illuminate\\Routing\\Pipeline->Illuminate\\Routing\\{closure}(Object(Illuminate\\Http\\Request))
#47 /home/charles/eclipse-workspace/Laravel/movie_lens_laravel/vendor/laravel/framework/src/Illuminate/Foundation/Http/Kernel.php(151): Illuminate\\Pipeline\\Pipeline->then(Object(Closure))
#48 /home/charles/eclipse-workspace/Laravel/movie_lens_laravel/vendor/laravel/framework/src/Illuminate/Foundation/Http/Kernel.php(116): Illuminate\\Foundation\\Http\\Kernel->sendRequestThroughRouter(Object(Illuminate\\Http\\Request))
#49 /home/charles/eclipse-workspace/Laravel/movie_lens_laravel/public/index.php(55): Illuminate\\Foundation\\Http\\Kernel->handle(Object(Illuminate\\Http\\Request))
#50 /home/charles/eclipse-workspace/Laravel/movie_lens_laravel/server.php(21): require_once('/home/charles/e...')
#51 {main}
"} 
[2018-12-15 19:50:28] local.ERROR: Target [Illuminate\Database\Eloquent\Model] is not instantiable while building [App\Http\Controllers\Movie\MovieController, Movie\Repositories\MovieRepository]. {"exception":"[object] (Illuminate\\Contracts\\Container\\BindingResolutionException(code: 0): Target [Illuminate\\Database\\Eloquent\\Model] is not instantiable while building [App\\Http\\Controllers\\Movie\\MovieController, Movie\\Repositories\\MovieRepository]. at /home/charles/eclipse-workspace/Laravel/movie_lens_laravel/vendor/laravel/framework/src/Illuminate/Container/Container.php:945)
[stacktrace]
#0 /home/charles/eclipse-workspace/Laravel/movie_lens_laravel/vendor/laravel/framework/src/Illuminate/Container/Container.php(785): Illuminate\\Container\\Container->notInstantiable('Illuminate\\\\Data...')
#1 /home/charles/eclipse-workspace/Laravel/movie_lens_laravel/vendor/laravel/framework/src/Illuminate/Container/Container.php(658): Illuminate\\Container\\Container->build('Illuminate\\\\Data...')
#2 /home/charles/eclipse-workspace/Laravel/movie_lens_laravel/vendor/laravel/framework/src/Illuminate/Container/Container.php(609): Illuminate\\Container\\Container->resolve('Illuminate\\\\Data...', Array)
#3 /home/charles/eclipse-workspace/Laravel/movie_lens_laravel/vendor/laravel/framework/src/Illuminate/Foundation/Application.php(735): Illuminate\\Container\\Container->make('Illuminate\\\\Data...', Array)
#4 /home/charles/eclipse-workspace/Laravel/movie_lens_laravel/vendor/laravel/framework/src/Illuminate/Container/Container.php(912): Illuminate\\Foundation\\Application->make('Illuminate\\\\Data...')
#5 /home/charles/eclipse-workspace/Laravel/movie_lens_laravel/vendor/laravel/framework/src/Illuminate/Container/Container.php(840): Illuminate\\Container\\Container->resolveClass(Object(ReflectionParameter))
#6 /home/charles/eclipse-workspace/Laravel/movie_lens_laravel/vendor/laravel/framework/src/Illuminate/Container/Container.php(807): Illuminate\\Container\\Container->resolveDependencies(Array)
#7 /home/charles/eclipse-workspace/Laravel/movie_lens_laravel/vendor/laravel/framework/src/Illuminate/Container/Container.php(658): Illuminate\\Container\\Container->build('Movie\\\\Repositor...')
#8 /home/charles/eclipse-workspace/Laravel/movie_lens_laravel/vendor/laravel/framework/src/Illuminate/Container/Container.php(609): Illuminate\\Container\\Container->resolve('Movie\\\\Repositor...', Array)
#9 /home/charles/eclipse-workspace/Laravel/movie_lens_laravel/vendor/laravel/framework/src/Illuminate/Foundation/Application.php(735): Illuminate\\Container\\Container->make('Movie\\\\Repositor...', Array)
#10 /home/charles/eclipse-workspace/Laravel/movie_lens_laravel/app/Movie/Providers/MovieServiceProvider.php(34): Illuminate\\Foundation\\Application->make('Movie\\\\Repositor...')
#11 /home/charles/eclipse-workspace/Laravel/movie_lens_laravel/vendor/laravel/framework/src/Illuminate/Container/Container.php(776): Movie\\Providers\\MovieServiceProvider->Movie\\Providers\\{closure}(Object(Illuminate\\Foundation\\Application), Array)
#12 /home/charles/eclipse-workspace/Laravel/movie_lens_laravel/vendor/laravel/framework/src/Illuminate/Container/Container.php(658): Illuminate\\Container\\Container->build(Object(Closure))
#13 /home/charles/eclipse-workspace/Laravel/movie_lens_laravel/vendor/laravel/framework/src/Illuminate/Container/Container.php(609): Illuminate\\Container\\Container->resolve('Movie\\\\Services\\\\...', Array)
#14 /home/charles/eclipse-workspace/Laravel/movie_lens_laravel/vendor/laravel/framework/src/Illuminate/Foundation/Application.php(735): Illuminate\\Container\\Container->make('Movie\\\\Services\\\\...', Array)
#15 /home/charles/eclipse-workspace/Laravel/movie_lens_laravel/vendor/laravel/framework/src/Illuminate/Container/Container.php(912): Illuminate\\Foundation\\Application->make('Movie\\\\Services\\\\...')
#16 /home/charles/eclipse-workspace/Laravel/movie_lens_laravel/vendor/laravel/framework/src/Illuminate/Container/Container.php(840): Illuminate\\Container\\Container->resolveClass(Object(ReflectionParameter))
#17 /home/charles/eclipse-workspace/Laravel/movie_lens_laravel/vendor/laravel/framework/src/Illuminate/Container/Container.php(807): Illuminate\\Container\\Container->resolveDependencies(Array)
#18 /home/charles/eclipse-workspace/Laravel/movie_lens_laravel/vendor/laravel/framework/src/Illuminate/Container/Container.php(658): Illuminate\\Container\\Container->build('App\\\\Http\\\\Contro...')
#19 /home/charles/eclipse-workspace/Laravel/movie_lens_laravel/vendor/laravel/framework/src/Illuminate/Container/Container.php(609): Illuminate\\Container\\Container->resolve('App\\\\Http\\\\Contro...', Array)
#20 /home/charles/eclipse-workspace/Laravel/movie_lens_laravel/vendor/laravel/framework/src/Illuminate/Foundation/Application.php(735): Illuminate\\Container\\Container->make('App\\\\Http\\\\Contro...', Array)
#21 /home/charles/eclipse-workspace/Laravel/movie_lens_laravel/vendor/laravel/framework/src/Illuminate/Routing/Route.php(226): Illuminate\\Foundation\\Application->make('App\\\\Http\\\\Contro...')
#22 /home/charles/eclipse-workspace/Laravel/movie_lens_laravel/vendor/laravel/framework/src/Illuminate/Routing/Route.php(796): Illuminate\\Routing\\Route->getController()
#23 /home/charles/eclipse-workspace/Laravel/movie_lens_laravel/vendor/laravel/framework/src/Illuminate/Routing/Route.php(757): Illuminate\\Routing\\Route->controllerMiddleware()
#24 /home/charles/eclipse-workspace/Laravel/movie_lens_laravel/vendor/laravel/framework/src/Illuminate/Routing/Router.php(695): Illuminate\\Routing\\Route->gatherMiddleware()
#25 /home/charles/eclipse-workspace/Laravel/movie_lens_laravel/vendor/laravel/framework/src/Illuminate/Routing/Router.php(675): Illuminate\\Routing\\Router->gatherRouteMiddleware(Object(Illuminate\\Routing\\Route))
#26 /home/charles/eclipse-workspace/Laravel/movie_lens_laravel/vendor/laravel/framework/src/Illuminate/Routing/Router.php(659): Illuminate\\Routing\\Router->runRouteWithinStack(Object(Illuminate\\Routing\\Route), Object(Illuminate\\Http\\Request))
#27 /home/charles/eclipse-workspace/Laravel/movie_lens_laravel/vendor/laravel/framework/src/Illuminate/Routing/Router.php(625): Illuminate\\Routing\\Router->runRoute(Object(Illuminate\\Http\\Request), Object(Illuminate\\Routing\\Route))
#28 /home/charles/eclipse-workspace/Laravel/movie_lens_laravel/vendor/laravel/framework/src/Illuminate/Routing/Router.php(614): Illuminate\\Routing\\Router->dispatchToRoute(Object(Illuminate\\Http\\Request))
#29 /home/charles/eclipse-workspace/Laravel/movie_lens_laravel/vendor/laravel/framework/src/Illuminate/Foundation/Http/Kernel.php(176): Illuminate\\Routing\\Router->dispatch(Object(Illuminate\\Http\\Request))
#30 /home/charles/eclipse-workspace/Laravel/movie_lens_laravel/vendor/laravel/framework/src/Illuminate/Routing/Pipeline.php(30): Illuminate\\Foundation\\Http\\Kernel->Illuminate\\Foundation\\Http\\{closure}(Object(Illuminate\\Http\\Request))
#31 /home/charles/eclipse-workspace/Laravel/movie_lens_laravel/vendor/fideloper/proxy/src/TrustProxies.php(57): Illuminate\\Routing\\Pipeline->Illuminate\\Routing\\{closure}(Object(Illuminate\\Http\\Request))
#32 /home/charles/eclipse-workspace/Laravel/movie_lens_laravel/vendor/laravel/framework/src/Illuminate/Pipeline/Pipeline.php(151): Fideloper\\Proxy\\TrustProxies->handle(Object(Illuminate\\Http\\Request), Object(Closure))
#33 /home/charles/eclipse-workspace/Laravel/movie_lens_laravel/vendor/laravel/framework/src/Illuminate/Routing/Pipeline.php(53): Illuminate\\Pipeline\\Pipeline->Illuminate\\Pipeline\\{closure}(Object(Illuminate\\Http\\Request))
#34 /home/charles/eclipse-workspace/Laravel/movie_lens_laravel/vendor/laravel/framework/src/Illuminate/Foundation/Http/Middleware/TransformsRequest.php(31): Illuminate\\Routing\\Pipeline->Illuminate\\Routing\\{closure}(Object(Illuminate\\Http\\Request))
#35 /home/charles/eclipse-workspace/Laravel/movie_lens_laravel/vendor/laravel/framework/src/Illuminate/Pipeline/Pipeline.php(151): Illuminate\\Foundation\\Http\\Middleware\\TransformsRequest->handle(Object(Illuminate\\Http\\Request), Object(Closure))
#36 /home/charles/eclipse-workspace/Laravel/movie_lens_laravel/vendor/laravel/framework/src/Illuminate/Routing/Pipeline.php(53): Illuminate\\Pipeline\\Pipeline->Illuminate\\Pipeline\\{closure}(Object(Illuminate\\Http\\Request))
#37 /home/charles/eclipse-workspace/Laravel/movie_lens_laravel/vendor/laravel/framework/src/Illuminate/Foundation/Http/Middleware/TransformsRequest.php(31): Illuminate\\Routing\\Pipeline->Illuminate\\Routing\\{closure}(Object(Illuminate\\Http\\Request))
#38 /home/charles/eclipse-workspace/Laravel/movie_lens_laravel/vendor/laravel/framework/src/Illuminate/Pipeline/Pipeline.php(151): Illuminate\\Foundation\\Http\\Middleware\\TransformsRequest->handle(Object(Illuminate\\Http\\Request), Object(Closure))
#39 /home/charles/eclipse-workspace/Laravel/movie_lens_laravel/vendor/laravel/framework/src/Illuminate/Routing/Pipeline.php(53): Illuminate\\Pipeline\\Pipeline->Illuminate\\Pipeline\\{closure}(Object(Illuminate\\Http\\Request))
#40 /home/charles/eclipse-workspace/Laravel/movie_lens_laravel/vendor/laravel/framework/src/Illuminate/Foundation/Http/Middleware/ValidatePostSize.php(27): Illuminate\\Routing\\Pipeline->Illuminate\\Routing\\{closure}(Object(Illuminate\\Http\\Request))
#41 /home/charles/eclipse-workspace/Laravel/movie_lens_laravel/vendor/laravel/framework/src/Illuminate/Pipeline/Pipeline.php(151): Illuminate\\Foundation\\Http\\Middleware\\ValidatePostSize->handle(Object(Illuminate\\Http\\Request), Object(Closure))
#42 /home/charles/eclipse-workspace/Laravel/movie_lens_laravel/vendor/laravel/framework/src/Illuminate/Routing/Pipeline.php(53): Illuminate\\Pipeline\\Pipeline->Illuminate\\Pipeline\\{closure}(Object(Illuminate\\Http\\Request))
#43 /home/charles/eclipse-workspace/Laravel/movie_lens_laravel/vendor/laravel/framework/src/Illuminate/Foundation/Http/Middleware/CheckForMaintenanceMode.php(62): Illuminate\\Routing\\Pipeline->Illuminate\\Routing\\{closure}(Object(Illuminate\\Http\\Request))
#44 /home/charles/eclipse-workspace/Laravel/movie_lens_laravel/vendor/laravel/framework/src/Illuminate/Pipeline/Pipeline.php(151): Illuminate\\Foundation\\Http\\Middleware\\CheckForMaintenanceMode->handle(Object(Illuminate\\Http\\Request), Object(Closure))
#45 /home/charles/eclipse-workspace/Laravel/movie_lens_laravel/vendor/laravel/framework/src/Illuminate/Routing/Pipeline.php(53): Illuminate\\Pipeline\\Pipeline->Illuminate\\Pipeline\\{closure}(Object(Illuminate\\Http\\Request))
#46 /home/charles/eclipse-workspace/Laravel/movie_lens_laravel/vendor/laravel/framework/src/Illuminate/Pipeline/Pipeline.php(104): Illuminate\\Routing\\Pipeline->Illuminate\\Routing\\{closure}(Object(Illuminate\\Http\\Request))
#47 /home/charles/eclipse-workspace/Laravel/movie_lens_laravel/vendor/laravel/framework/src/Illuminate/Foundation/Http/Kernel.php(151): Illuminate\\Pipeline\\Pipeline->then(Object(Closure))
#48 /home/charles/eclipse-workspace/Laravel/movie_lens_laravel/vendor/laravel/framework/src/Illuminate/Foundation/Http/Kernel.php(116): Illuminate\\Foundation\\Http\\Kernel->sendRequestThroughRouter(Object(Illuminate\\Http\\Request))
#49 /home/charles/eclipse-workspace/Laravel/movie_lens_laravel/public/index.php(55): Illuminate\\Foundation\\Http\\Kernel->handle(Object(Illuminate\\Http\\Request))
#50 /home/charles/eclipse-workspace/Laravel/movie_lens_laravel/server.php(21): require_once('/home/charles/e...')
#51 {main}
"} 
[2018-12-15 20:03:15] local.ERROR: Target [Illuminate\Database\Eloquent\Model] is not instantiable while building [App\Http\Controllers\Movie\MovieController, Movie\Repositories\MovieRepository]. {"exception":"[object] (Illuminate\\Contracts\\Container\\BindingResolutionException(code: 0): Target [Illuminate\\Database\\Eloquent\\Model] is not instantiable while building [App\\Http\\Controllers\\Movie\\MovieController, Movie\\Repositories\\MovieRepository]. at /home/charles/eclipse-workspace/Laravel/movie_lens_laravel/vendor/laravel/framework/src/Illuminate/Container/Container.php:945)
[stacktrace]
#0 /home/charles/eclipse-workspace/Laravel/movie_lens_laravel/vendor/laravel/framework/src/Illuminate/Container/Container.php(785): Illuminate\\Container\\Container->notInstantiable('Illuminate\\\\Data...')
#1 /home/charles/eclipse-workspace/Laravel/movie_lens_laravel/vendor/laravel/framework/src/Illuminate/Container/Container.php(658): Illuminate\\Container\\Container->build('Illuminate\\\\Data...')
#2 /home/charles/eclipse-workspace/Laravel/movie_lens_laravel/vendor/laravel/framework/src/Illuminate/Container/Container.php(609): Illuminate\\Container\\Container->resolve('Illuminate\\\\Data...', Array)
#3 /home/charles/eclipse-workspace/Laravel/movie_lens_laravel/vendor/laravel/framework/src/Illuminate/Foundation/Application.php(735): Illuminate\\Container\\Container->make('Illuminate\\\\Data...', Array)
#4 /home/charles/eclipse-workspace/Laravel/movie_lens_laravel/vendor/laravel/framework/src/Illuminate/Container/Container.php(912): Illuminate\\Foundation\\Application->make('Illuminate\\\\Data...')
#5 /home/charles/eclipse-workspace/Laravel/movie_lens_laravel/vendor/laravel/framework/src/Illuminate/Container/Container.php(840): Illuminate\\Container\\Container->resolveClass(Object(ReflectionParameter))
#6 /home/charles/eclipse-workspace/Laravel/movie_lens_laravel/vendor/laravel/framework/src/Illuminate/Container/Container.php(807): Illuminate\\Container\\Container->resolveDependencies(Array)
#7 /home/charles/eclipse-workspace/Laravel/movie_lens_laravel/vendor/laravel/framework/src/Illuminate/Container/Container.php(658): Illuminate\\Container\\Container->build('Movie\\\\Repositor...')
#8 /home/charles/eclipse-workspace/Laravel/movie_lens_laravel/vendor/laravel/framework/src/Illuminate/Container/Container.php(609): Illuminate\\Container\\Container->resolve('Movie\\\\Repositor...', Array)
#9 /home/charles/eclipse-workspace/Laravel/movie_lens_laravel/vendor/laravel/framework/src/Illuminate/Foundation/Application.php(735): Illuminate\\Container\\Container->make('Movie\\\\Repositor...', Array)
#10 /home/charles/eclipse-workspace/Laravel/movie_lens_laravel/app/Movie/Providers/MovieServiceProvider.php(34): Illuminate\\Foundation\\Application->make('Movie\\\\Repositor...')
#11 /home/charles/eclipse-workspace/Laravel/movie_lens_laravel/vendor/laravel/framework/src/Illuminate/Container/Container.php(776): Movie\\Providers\\MovieServiceProvider->Movie\\Providers\\{closure}(Object(Illuminate\\Foundation\\Application), Array)
#12 /home/charles/eclipse-workspace/Laravel/movie_lens_laravel/vendor/laravel/framework/src/Illuminate/Container/Container.php(658): Illuminate\\Container\\Container->build(Object(Closure))
#13 /home/charles/eclipse-workspace/Laravel/movie_lens_laravel/vendor/laravel/framework/src/Illuminate/Container/Container.php(609): Illuminate\\Container\\Container->resolve('Movie\\\\Services\\\\...', Array)
#14 /home/charles/eclipse-workspace/Laravel/movie_lens_laravel/vendor/laravel/framework/src/Illuminate/Foundation/Application.php(735): Illuminate\\Container\\Container->make('Movie\\\\Services\\\\...', Array)
#15 /home/charles/eclipse-workspace/Laravel/movie_lens_laravel/vendor/laravel/framework/src/Illuminate/Container/Container.php(912): Illuminate\\Foundation\\Application->make('Movie\\\\Services\\\\...')
#16 /home/charles/eclipse-workspace/Laravel/movie_lens_laravel/vendor/laravel/framework/src/Illuminate/Container/Container.php(840): Illuminate\\Container\\Container->resolveClass(Object(ReflectionParameter))
#17 /home/charles/eclipse-workspace/Laravel/movie_lens_laravel/vendor/laravel/framework/src/Illuminate/Container/Container.php(807): Illuminate\\Container\\Container->resolveDependencies(Array)
#18 /home/charles/eclipse-workspace/Laravel/movie_lens_laravel/vendor/laravel/framework/src/Illuminate/Container/Container.php(658): Illuminate\\Container\\Container->build('App\\\\Http\\\\Contro...')
#19 /home/charles/eclipse-workspace/Laravel/movie_lens_laravel/vendor/laravel/framework/src/Illuminate/Container/Container.php(609): Illuminate\\Container\\Container->resolve('App\\\\Http\\\\Contro...', Array)
#20 /home/charles/eclipse-workspace/Laravel/movie_lens_laravel/vendor/laravel/framework/src/Illuminate/Foundation/Application.php(735): Illuminate\\Container\\Container->make('App\\\\Http\\\\Contro...', Array)
#21 /home/charles/eclipse-workspace/Laravel/movie_lens_laravel/vendor/laravel/framework/src/Illuminate/Routing/Route.php(226): Illuminate\\Foundation\\Application->make('App\\\\Http\\\\Contro...')
#22 /home/charles/eclipse-workspace/Laravel/movie_lens_laravel/vendor/laravel/framework/src/Illuminate/Routing/Route.php(796): Illuminate\\Routing\\Route->getController()
#23 /home/charles/eclipse-workspace/Laravel/movie_lens_laravel/vendor/laravel/framework/src/Illuminate/Routing/Route.php(757): Illuminate\\Routing\\Route->controllerMiddleware()
#24 /home/charles/eclipse-workspace/Laravel/movie_lens_laravel/vendor/laravel/framework/src/Illuminate/Routing/Router.php(695): Illuminate\\Routing\\Route->gatherMiddleware()
#25 /home/charles/eclipse-workspace/Laravel/movie_lens_laravel/vendor/laravel/framework/src/Illuminate/Routing/Router.php(675): Illuminate\\Routing\\Router->gatherRouteMiddleware(Object(Illuminate\\Routing\\Route))
#26 /home/charles/eclipse-workspace/Laravel/movie_lens_laravel/vendor/laravel/framework/src/Illuminate/Routing/Router.php(659): Illuminate\\Routing\\Router->runRouteWithinStack(Object(Illuminate\\Routing\\Route), Object(Illuminate\\Http\\Request))
#27 /home/charles/eclipse-workspace/Laravel/movie_lens_laravel/vendor/laravel/framework/src/Illuminate/Routing/Router.php(625): Illuminate\\Routing\\Router->runRoute(Object(Illuminate\\Http\\Request), Object(Illuminate\\Routing\\Route))
#28 /home/charles/eclipse-workspace/Laravel/movie_lens_laravel/vendor/laravel/framework/src/Illuminate/Routing/Router.php(614): Illuminate\\Routing\\Router->dispatchToRoute(Object(Illuminate\\Http\\Request))
#29 /home/charles/eclipse-workspace/Laravel/movie_lens_laravel/vendor/laravel/framework/src/Illuminate/Foundation/Http/Kernel.php(176): Illuminate\\Routing\\Router->dispatch(Object(Illuminate\\Http\\Request))
#30 /home/charles/eclipse-workspace/Laravel/movie_lens_laravel/vendor/laravel/framework/src/Illuminate/Routing/Pipeline.php(30): Illuminate\\Foundation\\Http\\Kernel->Illuminate\\Foundation\\Http\\{closure}(Object(Illuminate\\Http\\Request))
#31 /home/charles/eclipse-workspace/Laravel/movie_lens_laravel/vendor/fideloper/proxy/src/TrustProxies.php(57): Illuminate\\Routing\\Pipeline->Illuminate\\Routing\\{closure}(Object(Illuminate\\Http\\Request))
#32 /home/charles/eclipse-workspace/Laravel/movie_lens_laravel/vendor/laravel/framework/src/Illuminate/Pipeline/Pipeline.php(151): Fideloper\\Proxy\\TrustProxies->handle(Object(Illuminate\\Http\\Request), Object(Closure))
#33 /home/charles/eclipse-workspace/Laravel/movie_lens_laravel/vendor/laravel/framework/src/Illuminate/Routing/Pipeline.php(53): Illuminate\\Pipeline\\Pipeline->Illuminate\\Pipeline\\{closure}(Object(Illuminate\\Http\\Request))
#34 /home/charles/eclipse-workspace/Laravel/movie_lens_laravel/vendor/laravel/framework/src/Illuminate/Foundation/Http/Middleware/TransformsRequest.php(31): Illuminate\\Routing\\Pipeline->Illuminate\\Routing\\{closure}(Object(Illuminate\\Http\\Request))
#35 /home/charles/eclipse-workspace/Laravel/movie_lens_laravel/vendor/laravel/framework/src/Illuminate/Pipeline/Pipeline.php(151): Illuminate\\Foundation\\Http\\Middleware\\TransformsRequest->handle(Object(Illuminate\\Http\\Request), Object(Closure))
#36 /home/charles/eclipse-workspace/Laravel/movie_lens_laravel/vendor/laravel/framework/src/Illuminate/Routing/Pipeline.php(53): Illuminate\\Pipeline\\Pipeline->Illuminate\\Pipeline\\{closure}(Object(Illuminate\\Http\\Request))
#37 /home/charles/eclipse-workspace/Laravel/movie_lens_laravel/vendor/laravel/framework/src/Illuminate/Foundation/Http/Middleware/TransformsRequest.php(31): Illuminate\\Routing\\Pipeline->Illuminate\\Routing\\{closure}(Object(Illuminate\\Http\\Request))
#38 /home/charles/eclipse-workspace/Laravel/movie_lens_laravel/vendor/laravel/framework/src/Illuminate/Pipeline/Pipeline.php(151): Illuminate\\Foundation\\Http\\Middleware\\TransformsRequest->handle(Object(Illuminate\\Http\\Request), Object(Closure))
#39 /home/charles/eclipse-workspace/Laravel/movie_lens_laravel/vendor/laravel/framework/src/Illuminate/Routing/Pipeline.php(53): Illuminate\\Pipeline\\Pipeline->Illuminate\\Pipeline\\{closure}(Object(Illuminate\\Http\\Request))
#40 /home/charles/eclipse-workspace/Laravel/movie_lens_laravel/vendor/laravel/framework/src/Illuminate/Foundation/Http/Middleware/ValidatePostSize.php(27): Illuminate\\Routing\\Pipeline->Illuminate\\Routing\\{closure}(Object(Illuminate\\Http\\Request))
#41 /home/charles/eclipse-workspace/Laravel/movie_lens_laravel/vendor/laravel/framework/src/Illuminate/Pipeline/Pipeline.php(151): Illuminate\\Foundation\\Http\\Middleware\\ValidatePostSize->handle(Object(Illuminate\\Http\\Request), Object(Closure))
#42 /home/charles/eclipse-workspace/Laravel/movie_lens_laravel/vendor/laravel/framework/src/Illuminate/Routing/Pipeline.php(53): Illuminate\\Pipeline\\Pipeline->Illuminate\\Pipeline\\{closure}(Object(Illuminate\\Http\\Request))
#43 /home/charles/eclipse-workspace/Laravel/movie_lens_laravel/vendor/laravel/framework/src/Illuminate/Foundation/Http/Middleware/CheckForMaintenanceMode.php(62): Illuminate\\Routing\\Pipeline->Illuminate\\Routing\\{closure}(Object(Illuminate\\Http\\Request))
#44 /home/charles/eclipse-workspace/Laravel/movie_lens_laravel/vendor/laravel/framework/src/Illuminate/Pipeline/Pipeline.php(151): Illuminate\\Foundation\\Http\\Middleware\\CheckForMaintenanceMode->handle(Object(Illuminate\\Http\\Request), Object(Closure))
#45 /home/charles/eclipse-workspace/Laravel/movie_lens_laravel/vendor/laravel/framework/src/Illuminate/Routing/Pipeline.php(53): Illuminate\\Pipeline\\Pipeline->Illuminate\\Pipeline\\{closure}(Object(Illuminate\\Http\\Request))
#46 /home/charles/eclipse-workspace/Laravel/movie_lens_laravel/vendor/laravel/framework/src/Illuminate/Pipeline/Pipeline.php(104): Illuminate\\Routing\\Pipeline->Illuminate\\Routing\\{closure}(Object(Illuminate\\Http\\Request))
#47 /home/charles/eclipse-workspace/Laravel/movie_lens_laravel/vendor/laravel/framework/src/Illuminate/Foundation/Http/Kernel.php(151): Illuminate\\Pipeline\\Pipeline->then(Object(Closure))
#48 /home/charles/eclipse-workspace/Laravel/movie_lens_laravel/vendor/laravel/framework/src/Illuminate/Foundation/Http/Kernel.php(116): Illuminate\\Foundation\\Http\\Kernel->sendRequestThroughRouter(Object(Illuminate\\Http\\Request))
#49 /home/charles/eclipse-workspace/Laravel/movie_lens_laravel/public/index.php(55): Illuminate\\Foundation\\Http\\Kernel->handle(Object(Illuminate\\Http\\Request))
#50 /home/charles/eclipse-workspace/Laravel/movie_lens_laravel/server.php(21): require_once('/home/charles/e...')
#51 {main}
"} 
